# JRE version: OpenJDK Runtime Environment (11.0.13) (build 11.0.13+0-b1751.21-8125866)
# Java VM: OpenJDK 64-Bit Server VM (11.0.13+0-b1751.21-8125866, mixed mode, tiered, compressed oops, g1 gc, windows-amd64)
Heap:
 garbage-first heap   total 254976K, used 135480K [0x0000000080000000, 0x0000000100000000)
  region size 1024K, 2 young (2048K), 2 survivors (2048K)
 Metaspace       used 87817K, capacity 90077K, committed 90240K, reserved 1128448K
  class space    used 11346K, capacity 12153K, committed 12160K, reserved 1048576K
GC Heap History (20 events):
Event: 19.071 GC heap after
{Heap after GC invocations=35 (full 0):
 garbage-first heap   total 176128K, used 84070K [0x0000000080000000, 0x0000000100000000)
  region size 1024K, 3 young (3072K), 3 survivors (3072K)
 Metaspace       used 56527K, capacity 58164K, committed 58368K, reserved 1099776K
  class space    used 7245K, capacity 7840K, committed 7936K, reserved 1048576K
}
Event: 19.414 GC heap before
{Heap before GC invocations=36 (full 0):
 garbage-first heap   total 176128K, used 92262K [0x0000000080000000, 0x0000000100000000)
  region size 1024K, 10 young (10240K), 3 survivors (3072K)
 Metaspace       used 56523K, capacity 58147K, committed 58368K, reserved 1099776K
  class space    used 7240K, capacity 7834K, committed 7936K, reserved 1048576K
}
Event: 19.431 GC heap after
{Heap after GC invocations=37 (full 0):
 garbage-first heap   total 176128K, used 90429K [0x0000000080000000, 0x0000000100000000)
  region size 1024K, 6 young (6144K), 6 survivors (6144K)
 Metaspace       used 56523K, capacity 58147K, committed 58368K, reserved 1099776K
  class space    used 7240K, capacity 7834K, committed 7936K, reserved 1048576K
}
Event: 20.836 GC heap before
{Heap before GC invocations=38 (full 0):
 garbage-first heap   total 176128K, used 134461K [0x0000000080000000, 0x0000000100000000)
  region size 1024K, 47 young (48128K), 6 survivors (6144K)
 Metaspace       used 59464K, capacity 61152K, committed 61312K, reserved 1101824K
  class space    used 7603K, capacity 8217K, committed 8320K, reserved 1048576K
}
Event: 20.849 GC heap after
{Heap after GC invocations=39 (full 0):
 garbage-first heap   total 176128K, used 94745K [0x0000000080000000, 0x0000000100000000)
  region size 1024K, 3 young (3072K), 3 survivors (3072K)
 Metaspace       used 59464K, capacity 61152K, committed 61312K, reserved 1101824K
  class space    used 7603K, capacity 8217K, committed 8320K, reserved 1048576K
}
Event: 22.479 GC heap before
{Heap before GC invocations=39 (full 0):
 garbage-first heap   total 176128K, used 135705K [0x0000000080000000, 0x0000000100000000)
  region size 1024K, 43 young (44032K), 3 survivors (3072K)
 Metaspace       used 65074K, capacity 66870K, committed 67072K, reserved 1107968K
  class space    used 8301K, capacity 8947K, committed 8960K, reserved 1048576K
}
Event: 22.490 GC heap after
{Heap after GC invocations=40 (full 0):
 garbage-first heap   total 176128K, used 96112K [0x0000000080000000, 0x0000000100000000)
  region size 1024K, 4 young (4096K), 4 survivors (4096K)
 Metaspace       used 65074K, capacity 66870K, committed 67072K, reserved 1107968K
  class space    used 8301K, capacity 8947K, committed 8960K, reserved 1048576K
}
Event: 23.599 GC heap before
{Heap before GC invocations=41 (full 0):
 garbage-first heap   total 176128K, used 137072K [0x0000000080000000, 0x0000000100000000)
  region size 1024K, 45 young (46080K), 4 survivors (4096K)
 Metaspace       used 70029K, capacity 71910K, committed 72064K, reserved 1112064K
  class space    used 8897K, capacity 9579K, committed 9600K, reserved 1048576K
}
Event: 23.620 GC heap after
{Heap after GC invocations=42 (full 0):
 garbage-first heap   total 176128K, used 99950K [0x0000000080000000, 0x0000000100000000)
  region size 1024K, 6 young (6144K), 6 survivors (6144K)
 Metaspace       used 70029K, capacity 71910K, committed 72064K, reserved 1112064K
  class space    used 8897K, capacity 9579K, committed 9600K, reserved 1048576K
}
Event: 24.262 GC heap before
{Heap before GC invocations=42 (full 0):
 garbage-first heap   total 176128K, used 123502K [0x0000000080000000, 0x0000000100000000)
  region size 1024K, 30 young (30720K), 6 survivors (6144K)
 Metaspace       used 71790K, capacity 73695K, committed 73856K, reserved 1114112K
  class space    used 9124K, capacity 9788K, committed 9856K, reserved 1048576K
}
Event: 24.280 GC heap after
{Heap after GC invocations=43 (full 0):
 garbage-first heap   total 211968K, used 101693K [0x0000000080000000, 0x0000000100000000)
  region size 1024K, 2 young (2048K), 2 survivors (2048K)
 Metaspace       used 71790K, capacity 73695K, committed 73856K, reserved 1114112K
  class space    used 9124K, capacity 9788K, committed 9856K, reserved 1048576K
}
Event: 26.059 GC heap before
{Heap before GC invocations=44 (full 0):
 garbage-first heap   total 211968K, used 156989K [0x0000000080000000, 0x0000000100000000)
  region size 1024K, 56 young (57344K), 2 survivors (2048K)
 Metaspace       used 74093K, capacity 76209K, committed 76288K, reserved 1116160K
  class space    used 9422K, capacity 10192K, committed 10240K, reserved 1048576K
}
Event: 26.076 GC heap after
{Heap after GC invocations=45 (full 0):
 garbage-first heap   total 211968K, used 104816K [0x0000000080000000, 0x0000000100000000)
  region size 1024K, 5 young (5120K), 5 survivors (5120K)
 Metaspace       used 74093K, capacity 76209K, committed 76288K, reserved 1116160K
  class space    used 9422K, capacity 10192K, committed 10240K, reserved 1048576K
}
Event: 27.319 GC heap before
{Heap before GC invocations=45 (full 0):
 garbage-first heap   total 211968K, used 152944K [0x0000000080000000, 0x0000000100000000)
  region size 1024K, 53 young (54272K), 5 survivors (5120K)
 Metaspace       used 79535K, capacity 81609K, committed 81792K, reserved 1120256K
  class space    used 10297K, capacity 11062K, committed 11136K, reserved 1048576K
}
Event: 27.340 GC heap after
{Heap after GC invocations=46 (full 0):
 garbage-first heap   total 211968K, used 107935K [0x0000000080000000, 0x0000000100000000)
  region size 1024K, 7 young (7168K), 7 survivors (7168K)
 Metaspace       used 79535K, capacity 81609K, committed 81792K, reserved 1120256K
  class space    used 10297K, capacity 11062K, committed 11136K, reserved 1048576K
}
Event: 28.751 GC heap before
{Heap before GC invocations=47 (full 0):
 garbage-first heap   total 211968K, used 182687K [0x0000000080000000, 0x0000000100000000)
  region size 1024K, 63 young (64512K), 7 survivors (7168K)
 Metaspace       used 81843K, capacity 84214K, committed 84480K, reserved 1122304K
  class space    used 10626K, capacity 11468K, committed 11520K, reserved 1048576K
}
Event: 28.787 GC heap after
{Heap after GC invocations=48 (full 0):
 garbage-first heap   total 211968K, used 133021K [0x0000000080000000, 0x0000000100000000)
  region size 1024K, 8 young (8192K), 8 survivors (8192K)
 Metaspace       used 81843K, capacity 84214K, committed 84480K, reserved 1122304K
  class space    used 10626K, capacity 11468K, committed 11520K, reserved 1048576K
}
Event: 29.161 GC heap before
{Heap before GC invocations=48 (full 0):
 garbage-first heap   total 211968K, used 164765K [0x0000000080000000, 0x0000000100000000)
  region size 1024K, 40 young (40960K), 8 survivors (8192K)
 Metaspace       used 83083K, capacity 85404K, committed 85632K, reserved 1124352K
  class space    used 10761K, capacity 11565K, committed 11648K, reserved 1048576K
}
Event: 29.182 GC heap after
{Heap after GC invocations=49 (full 0):
 garbage-first heap   total 211968K, used 134992K [0x0000000080000000, 0x0000000100000000)
  region size 1024K, 2 young (2048K), 2 survivors (2048K)
 Metaspace       used 83083K, capacity 85404K, committed 85632K, reserved 1124352K
  class space    used 10761K, capacity 11565K, committed 11648K, reserved 1048576K
}
Event: 30.244 GC heap before
{Heap before GC invocations=50 (full 0):
 garbage-first heap   total 211968K, used 174928K [0x0000000080000000, 0x0000000100000000)
  region size 1024K, 40 young (40960K), 2 survivors (2048K)
 Metaspace       used 87817K, capacity 90077K, committed 90240K, reserved 1128448K
  class space    used 11346K, capacity 12153K, committed 12160K, reserved 1048576K
}

